#
# There is insufficient memory for the Java Runtime Environment to continue.
# Native memory allocation (malloc) failed to allocate 32744 bytes for ChunkPool::allocate
# Possible reasons:
#   The system is out of physical RAM or swap space
#   The process is running with CompressedOops enabled, and the Java Heap may be blocking the growth of the native heap
# Possible solutions:
#   Reduce memory load on the system
#   Increase physical memory or swap space
#   Check if swap backing store is full
#   Decrease Java heap size (-Xmx/-Xms)
#   Decrease number of Java threads
#   Decrease Java thread stack sizes (-Xss)
#   Set larger code cache with -XX:ReservedCodeCacheSize=
#   JVM is running with Zero Based Compressed Oops mode in which the Java heap is
#     placed in the first 32GB address space. The Java Heap base address is the
#     maximum limit for the native heap growth. Please use -XX:HeapBaseMinAddress
#     to set the Java Heap base and to place the Java Heap above 32GB virtual address.
# This output file may be truncated or incomplete.
#
#  Out of Memory Error (allocation.cpp:272), pid=29300, tid=0x0000000000001cd4
#
# JRE version: Java(TM) SE Runtime Environment (8.0_202-b08) (build 1.8.0_202-b08)
# Java VM: Java HotSpot(TM) 64-Bit Server VM (25.202-b08 mixed mode windows-amd64 compressed oops)
# Failed to write core dump. Minidumps are not enabled by default on client versions of Windows
#

---------------  T H R E A D  ---------------

Current thread (0x000000001e6e6000):  JavaThread "C1 CompilerThread3" daemon [_thread_in_native, id=7380, stack(0x0000000020040000,0x0000000020140000)]

Stack: [0x0000000020040000,0x0000000020140000]
[error occurred during error reporting (printing stack bounds), id 0xc0000005]

Native frames: (J=compiled Java code, j=interpreted, Vv=VM code, C=native code)


Current CompileTask:
C1:   3694 4596   !   1       nonapi.io.github.classgraph.fastzipfilereader.LogicalZipFile::readCentralDirectory (3373 bytes)


---------------  P R O C E S S  ---------------

Java Threads: ( => current thread )
  0x0000000024eaf800 JavaThread "ClassGraph-worker-56" daemon [_thread_in_native, id=11168, stack(0x0000000028090000,0x0000000028190000)]
  0x0000000024eb6800 JavaThread "ClassGraph-worker-55" daemon [_thread_blocked, id=24476, stack(0x0000000027f90000,0x0000000028090000)]
  0x0000000024eb2000 JavaThread "ClassGraph-worker-54" daemon [_thread_blocked, id=16592, stack(0x0000000027e90000,0x0000000027f90000)]
  0x0000000024eb5800 JavaThread "ClassGraph-worker-53" daemon [_thread_blocked, id=8420, stack(0x0000000027d90000,0x0000000027e90000)]
  0x0000000024eb4000 JavaThread "ClassGraph-worker-52" daemon [_thread_blocked, id=16764, stack(0x0000000027c90000,0x0000000027d90000)]
  0x0000000024eaa800 JavaThread "ClassGraph-worker-51" daemon [_thread_blocked, id=13672, stack(0x0000000027b90000,0x0000000027c90000)]
  0x0000000024eb1000 JavaThread "ClassGraph-worker-50" daemon [_thread_blocked, id=13624, stack(0x0000000027a90000,0x0000000027b90000)]
  0x0000000024ea8000 JavaThread "ClassGraph-worker-49" daemon [_thread_blocked, id=18328, stack(0x0000000027990000,0x0000000027a90000)]
  0x0000000024eaf000 JavaThread "ClassGraph-worker-48" daemon [_thread_blocked, id=26184, stack(0x0000000027890000,0x0000000027990000)]
  0x0000000024eab000 JavaThread "ClassGraph-worker-47" daemon [_thread_blocked, id=12164, stack(0x0000000027790000,0x0000000027890000)]
  0x0000000024eae000 JavaThread "ClassGraph-worker-46" daemon [_thread_blocked, id=1600, stack(0x0000000027690000,0x0000000027790000)]
  0x0000000024eac000 JavaThread "ClassGraph-worker-45" daemon [_thread_blocked, id=14396, stack(0x0000000027590000,0x0000000027690000)]
  0x0000000024eac800 JavaThread "ClassGraph-worker-44" daemon [_thread_blocked, id=14640, stack(0x0000000027490000,0x0000000027590000)]
  0x0000000024ea9800 JavaThread "ClassGraph-worker-43" daemon [_thread_blocked, id=28828, stack(0x0000000027390000,0x0000000027490000)]
  0x0000000024ea9000 JavaThread "ClassGraph-worker-42" daemon [_thread_blocked, id=28088, stack(0x0000000027290000,0x0000000027390000)]
  0x0000000024ead800 JavaThread "ClassGraph-worker-41" daemon [_thread_blocked, id=25604, stack(0x0000000027190000,0x0000000027290000)]
  0x000000001e8fb000 JavaThread "ClassGraph-worker-40" daemon [_thread_blocked, id=28752, stack(0x0000000027090000,0x0000000027190000)]
  0x000000001e8ff000 JavaThread "ClassGraph-worker-39" daemon [_thread_blocked, id=2976, stack(0x0000000026f90000,0x0000000027090000)]
  0x000000001e8ff800 JavaThread "ClassGraph-worker-38" daemon [_thread_blocked, id=2244, stack(0x0000000026e90000,0x0000000026f90000)]
  0x000000001e900800 JavaThread "container-0" [_thread_blocked, id=22152, stack(0x0000000026790000,0x0000000026890000)]
  0x000000001e8fd800 JavaThread "Catalina-utility-2" [_thread_blocked, id=23816, stack(0x0000000026690000,0x0000000026790000)]
  0x000000001e901000 JavaThread "Catalina-utility-1" [_thread_blocked, id=5176, stack(0x0000000026590000,0x0000000026690000)]
  0x000000001e8fc800 JavaThread "HikariPool-1 connection adder" daemon [_thread_blocked, id=27188, stack(0x0000000025c90000,0x0000000025d90000)]
  0x000000001e8fe000 JavaThread "HikariPool-1 housekeeper" daemon [_thread_blocked, id=22512, stack(0x0000000025990000,0x0000000025a90000)]
  0x000000001e8fc000 JavaThread "mysql-cj-abandoned-connection-cleanup" daemon [_thread_blocked, id=12200, stack(0x0000000022dc0000,0x0000000022ec0000)]
  0x0000000020c6e000 JavaThread "JMX server connection timeout 18" daemon [_thread_blocked, id=15100, stack(0x0000000021af0000,0x0000000021bf0000)]
  0x0000000020c6b800 JavaThread "RMI TCP Connection(2)-127.0.0.1" daemon [_thread_in_native, id=2824, stack(0x00000000217f0000,0x00000000218f0000)]
  0x0000000020c6a800 JavaThread "RMI Scheduler(0)" daemon [_thread_blocked, id=25996, stack(0x00000000215f0000,0x00000000216f0000)]
  0x0000000020c24000 JavaThread "RMI TCP Connection(1)-127.0.0.1" daemon [_thread_in_native, id=25720, stack(0x00000000214f0000,0x00000000215f0000)]
  0x0000000020990000 JavaThread "RMI TCP Accept-0" daemon [_thread_in_native, id=27140, stack(0x0000000020f80000,0x0000000021080000)]
  0x000000002096b000 JavaThread "RMI TCP Accept-55102" daemon [_thread_in_native, id=28004, stack(0x0000000020e80000,0x0000000020f80000)]
  0x0000000020961000 JavaThread "RMI TCP Accept-0" daemon [_thread_in_native, id=8036, stack(0x0000000020d80000,0x0000000020e80000)]
  0x000000001e6f2800 JavaThread "Service Thread" daemon [_thread_blocked, id=25928, stack(0x0000000020140000,0x0000000020240000)]
=>0x000000001e6e6000 JavaThread "C1 CompilerThread3" daemon [_thread_in_native, id=7380, stack(0x0000000020040000,0x0000000020140000)]
  0x000000001e6e5000 JavaThread "C2 CompilerThread2" daemon [_thread_blocked, id=29392, stack(0x000000001ff40000,0x0000000020040000)]
  0x000000001e6dd000 JavaThread "C2 CompilerThread1" daemon [_thread_blocked, id=26044, stack(0x000000001fe40000,0x000000001ff40000)]
  0x000000001e6d1000 JavaThread "C2 CompilerThread0" daemon [_thread_blocked, id=21676, stack(0x000000001fd40000,0x000000001fe40000)]
  0x000000001e6ce800 JavaThread "Attach Listener" daemon [_thread_blocked, id=22384, stack(0x000000001fc40000,0x000000001fd40000)]
  0x000000001e6cb000 JavaThread "Signal Dispatcher" daemon [_thread_blocked, id=7440, stack(0x000000001fb40000,0x000000001fc40000)]
  0x000000001cfe6000 JavaThread "Finalizer" daemon [_thread_blocked, id=11276, stack(0x000000001f910000,0x000000001fa10000)]
  0x000000001e6b3000 JavaThread "Reference Handler" daemon [_thread_blocked, id=24424, stack(0x000000001f810000,0x000000001f910000)]
  0x000000000348a000 JavaThread "main" [_thread_blocked, id=8488, stack(0x0000000003300000,0x0000000003400000)]

Other Threads:
  0x000000001cfd5800 VMThread [stack: 0x000000001f710000,0x000000001f810000] [id=25076]
  0x0000000020992000 WatcherThread [stack: 0x0000000021080000,0x0000000021180000] [id=852]

VM state:not at safepoint (normal execution)

VM Mutex/Monitor currently owned by a thread: None

OutOfMemory and StackOverflow Exception counts:
OutOfMemoryError java_heap_errors=1

heap address: 0x00000006c4a00000, size: 4022 MB, Compressed Oops mode: Zero based, Oop shift amount: 3
Narrow klass base: 0x0000000000000000, Narrow klass shift: 3
Compressed class space size: 1073741824 Address: 0x00000007c0000000

Heap:
 PSYoungGen      total 196096K, used 63949K [0x000000076c380000, 0x000000077a400000, 0x00000007c0000000)
  eden space 181760K, 29% used [0x000000076c380000,0x000000076f770de8,0x0000000777500000)
  from space 14336K, 75% used [0x0000000777500000,0x0000000777f82658,0x0000000778300000)
  to   space 14336K, 0% used [0x0000000778300000,0x0000000778300000,0x0000000779100000)
 ParOldGen       total 137728K, used 26817K [0x00000006c4a00000, 0x00000006cd080000, 0x000000076c380000)
  object space 137728K, 19% used [0x00000006c4a00000,0x00000006c64304d0,0x00000006cd080000)
 Metaspace       used 62258K, capacity 65880K, committed 66072K, reserved 1105920K
  class space    used 9057K, capacity 9695K, committed 9776K, reserved 1048576K

Card table byte_map: [0x0000000012940000,0x0000000013120000] byte_map_base: 0x000000000f31b000

Marking Bits: (ParMarkBitMap*) 0x0000000052a45ce0
 Begin Bits: [0x0000000014060000, 0x0000000017f38000)
 End Bits:   [0x0000000017f38000, 0x000000001be10000)

Polling page: 0x0000000001370000

CodeCache: size=245760Kb used=9154Kb max_used=9154Kb free=236605Kb
 bounds [0x0000000003580000, 0x0000000003e80000, 0x0000000012580000]
 total_blobs=5149 nmethods=4593 adapters=468
 compilation: enabled

Compilation events (10 events):
Event: 3.686 Thread 0x000000001e6e6000 nmethod 4587 0x0000000003e6f750 code [0x0000000003e6f8a0, 0x0000000003e6f990]
Event: 3.686 Thread 0x000000001e6e6000 4589       1       nonapi.io.github.classgraph.fastzipfilereader.NestedJarHandler::access$100 (5 bytes)
Event: 3.686 Thread 0x000000001e6e6000 nmethod 4589 0x0000000003e6fa10 code [0x0000000003e6fb60, 0x0000000003e6fc50]
Event: 3.686 Thread 0x000000001e6e6000 4588       1       io.github.classgraph.Scanner::access$000 (5 bytes)
Event: 3.686 Thread 0x000000001e6e6000 nmethod 4588 0x0000000003e6fcd0 code [0x0000000003e6fe20, 0x0000000003e6ff10]
Event: 3.686 Thread 0x000000001e6e6000 4590       1       nonapi.io.github.classgraph.fastzipfilereader.PhysicalZipFile::getPathStr (5 bytes)
Event: 3.686 Thread 0x000000001e6e6000 nmethod 4590 0x0000000003e6ff90 code [0x0000000003e700e0, 0x0000000003e701f0]
Event: 3.686 Thread 0x000000001e6e6000 4591       1       nonapi.io.github.classgraph.fastzipfilereader.NestedJarHandler::access$200 (5 bytes)
Event: 3.686 Thread 0x000000001e6e6000 nmethod 4591 0x0000000003e70250 code [0x0000000003e703a0, 0x0000000003e70490]
Event: 3.686 Thread 0x000000001e6e6000 4596   !   1       nonapi.io.github.classgraph.fastzipfilereader.LogicalZipFile::readCentralDirectory (3373 bytes)

GC Heap History (10 events):
Event: 1.671 GC heap before
{Heap before GC invocations=8 (full 2):
 PSYoungGen      total 196096K, used 10062K [0x000000076c380000, 0x000000077a400000, 0x00000007c0000000)
  eden space 181760K, 0% used [0x000000076c380000,0x000000076c380000,0x0000000777500000)
  from space 14336K, 70% used [0x0000000778300000,0x0000000778cd39e8,0x0000000779100000)
  to   space 14336K, 0% used [0x0000000777500000,0x0000000777500000,0x0000000778300000)
 ParOldGen       total 90112K, used 8973K [0x00000006c4a00000, 0x00000006ca200000, 0x000000076c380000)
  object space 90112K, 9% used [0x00000006c4a00000,0x00000006c52c37b0,0x00000006ca200000)
 Metaspace       used 33417K, capacity 35412K, committed 35496K, reserved 1079296K
  class space    used 4729K, capacity 5112K, committed 5168K, reserved 1048576K
Event: 1.694 GC heap after
Heap after GC invocations=8 (full 2):
 PSYoungGen      total 196096K, used 0K [0x000000076c380000, 0x000000077a400000, 0x00000007c0000000)
  eden space 181760K, 0% used [0x000000076c380000,0x000000076c380000,0x0000000777500000)
  from space 14336K, 0% used [0x0000000778300000,0x0000000778300000,0x0000000779100000)
  to   space 14336K, 0% used [0x0000000777500000,0x0000000777500000,0x0000000778300000)
 ParOldGen       total 137728K, used 14888K [0x00000006c4a00000, 0x00000006cd080000, 0x000000076c380000)
  object space 137728K, 10% used [0x00000006c4a00000,0x00000006c588a0e0,0x00000006cd080000)
 Metaspace       used 33417K, capacity 35412K, committed 35496K, reserved 1079296K
  class space    used 4729K, capacity 5112K, committed 5168K, reserved 1048576K
}
Event: 2.451 GC heap before
{Heap before GC invocations=9 (full 2):
 PSYoungGen      total 196096K, used 181760K [0x000000076c380000, 0x000000077a400000, 0x00000007c0000000)
  eden space 181760K, 100% used [0x000000076c380000,0x0000000777500000,0x0000000777500000)
  from space 14336K, 0% used [0x0000000778300000,0x0000000778300000,0x0000000779100000)
  to   space 14336K, 0% used [0x0000000777500000,0x0000000777500000,0x0000000778300000)
 ParOldGen       total 137728K, used 14888K [0x00000006c4a00000, 0x00000006cd080000, 0x000000076c380000)
  object space 137728K, 10% used [0x00000006c4a00000,0x00000006c588a0e0,0x00000006cd080000)
 Metaspace       used 47231K, capacity 49632K, committed 49712K, reserved 1091584K
  class space    used 6747K, capacity 7207K, committed 7216K, reserved 1048576K
Event: 2.460 GC heap after
Heap after GC invocations=9 (full 2):
 PSYoungGen      total 196096K, used 14306K [0x000000076c380000, 0x000000077a400000, 0x00000007c0000000)
  eden space 181760K, 0% used [0x000000076c380000,0x000000076c380000,0x0000000777500000)
  from space 14336K, 99% used [0x0000000777500000,0x00000007782f8840,0x0000000778300000)
  to   space 14336K, 0% used [0x0000000778300000,0x0000000778300000,0x0000000779100000)
 ParOldGen       total 137728K, used 16811K [0x00000006c4a00000, 0x00000006cd080000, 0x000000076c380000)
  object space 137728K, 12% used [0x00000006c4a00000,0x00000006c5a6af80,0x00000006cd080000)
 Metaspace       used 47231K, capacity 49632K, committed 49712K, reserved 1091584K
  class space    used 6747K, capacity 7207K, committed 7216K, reserved 1048576K
}
Event: 2.967 GC heap before
{Heap before GC invocations=10 (full 2):
 PSYoungGen      total 196096K, used 121557K [0x000000076c380000, 0x000000077a400000, 0x00000007c0000000)
  eden space 181760K, 59% used [0x000000076c380000,0x0000000772c3ce90,0x0000000777500000)
  from space 14336K, 99% used [0x0000000777500000,0x00000007782f8840,0x0000000778300000)
  to   space 14336K, 0% used [0x0000000778300000,0x0000000778300000,0x0000000779100000)
 ParOldGen       total 137728K, used 16811K [0x00000006c4a00000, 0x00000006cd080000, 0x000000076c380000)
  object space 137728K, 12% used [0x00000006c4a00000,0x00000006c5a6af80,0x00000006cd080000)
 Metaspace       used 55956K, capacity 59042K, committed 59160K, reserved 1099776K
  class space    used 8132K, capacity 8690K, committed 8752K, reserved 1048576K
Event: 2.975 GC heap after
Heap after GC invocations=10 (full 2):
 PSYoungGen      total 196096K, used 14334K [0x000000076c380000, 0x000000077a400000, 0x00000007c0000000)
  eden space 181760K, 0% used [0x000000076c380000,0x000000076c380000,0x0000000777500000)
  from space 14336K, 99% used [0x0000000778300000,0x00000007790ffb28,0x0000000779100000)
  to   space 14336K, 0% used [0x0000000777500000,0x0000000777500000,0x0000000778300000)
 ParOldGen       total 137728K, used 17855K [0x00000006c4a00000, 0x00000006cd080000, 0x000000076c380000)
  object space 137728K, 12% used [0x00000006c4a00000,0x00000006c5b6ff48,0x00000006cd080000)
 Metaspace       used 55956K, capacity 59042K, committed 59160K, reserved 1099776K
  class space    used 8132K, capacity 8690K, committed 8752K, reserved 1048576K
}
Event: 2.975 GC heap before
{Heap before GC invocations=11 (full 3):
 PSYoungGen      total 196096K, used 14334K [0x000000076c380000, 0x000000077a400000, 0x00000007c0000000)
  eden space 181760K, 0% used [0x000000076c380000,0x000000076c380000,0x0000000777500000)
  from space 14336K, 99% used [0x0000000778300000,0x00000007790ffb28,0x0000000779100000)
  to   space 14336K, 0% used [0x0000000777500000,0x0000000777500000,0x0000000778300000)
 ParOldGen       total 137728K, used 17855K [0x00000006c4a00000, 0x00000006cd080000, 0x000000076c380000)
  object space 137728K, 12% used [0x00000006c4a00000,0x00000006c5b6ff48,0x00000006cd080000)
 Metaspace       used 55956K, capacity 59042K, committed 59160K, reserved 1099776K
  class space    used 8132K, capacity 8690K, committed 8752K, reserved 1048576K
Event: 3.074 GC heap after
Heap after GC invocations=11 (full 3):
 PSYoungGen      total 196096K, used 0K [0x000000076c380000, 0x000000077a400000, 0x00000007c0000000)
  eden space 181760K, 0% used [0x000000076c380000,0x000000076c380000,0x0000000777500000)
  from space 14336K, 0% used [0x0000000778300000,0x0000000778300000,0x0000000779100000)
  to   space 14336K, 0% used [0x0000000777500000,0x0000000777500000,0x0000000778300000)
 ParOldGen       total 137728K, used 26809K [0x00000006c4a00000, 0x00000006cd080000, 0x000000076c380000)
  object space 137728K, 19% used [0x00000006c4a00000,0x00000006c642e4d0,0x00000006cd080000)
 Metaspace       used 55956K, capacity 59042K, committed 59160K, reserved 1099776K
  class space    used 8132K, capacity 8690K, committed 8752K, reserved 1048576K
}
Event: 3.672 GC heap before
{Heap before GC invocations=12 (full 3):
 PSYoungGen      total 196096K, used 181760K [0x000000076c380000, 0x000000077a400000, 0x00000007c0000000)
  eden space 181760K, 100% used [0x000000076c380000,0x0000000777500000,0x0000000777500000)
  from space 14336K, 0% used [0x0000000778300000,0x0000000778300000,0x0000000779100000)
  to   space 14336K, 0% used [0x0000000777500000,0x0000000777500000,0x0000000778300000)
 ParOldGen       total 137728K, used 26809K [0x00000006c4a00000, 0x00000006cd080000, 0x000000076c380000)
  object space 137728K, 19% used [0x00000006c4a00000,0x00000006c642e4d0,0x00000006cd080000)
 Metaspace       used 62222K, capacity 65816K, committed 66072K, reserved 1105920K
  class space    used 9057K, capacity 9695K, committed 9776K, reserved 1048576K
Event: 3.678 GC heap after
Heap after GC invocations=12 (full 3):
 PSYoungGen      total 196096K, used 10761K [0x000000076c380000, 0x000000077a400000, 0x00000007c0000000)
  eden space 181760K, 0% used [0x000000076c380000,0x000000076c380000,0x0000000777500000)
  from space 14336K, 75% used [0x0000000777500000,0x0000000777f82658,0x0000000778300000)
  to   space 14336K, 0% used [0x0000000778300000,0x0000000778300000,0x0000000779100000)
 ParOldGen       total 137728K, used 26817K [0x00000006c4a00000, 0x00000006cd080000, 0x000000076c380000)
  object space 137728K, 19% used [0x00000006c4a00000,0x00000006c64304d0,0x00000006cd080000)
 Metaspace       used 62222K, capacity 65816K, committed 66072K, reserved 1105920K
  class space    used 9057K, capacity 9695K, committed 9776K, reserved 1048576K
}

Deoptimization events (0 events):
No events

Classes redefined (0 events):
No events

Internal exceptions (10 events):
Event: 3.682 Thread 0x0000000024eaa800 Exception <a 'sun/nio/fs/WindowsException'> (0x000000076cea70b0) thrown at [C:\re\workspace\8-2-build-windows-amd64-cygwin\jdk8u202\12323\hotspot\src\share\vm\prims\jni.cpp, line 710]
Event: 3.682 Thread 0x0000000024eaa800 Exception <a 'sun/nio/fs/WindowsException'> (0x000000076cea75c0) thrown at [C:\re\workspace\8-2-build-windows-amd64-cygwin\jdk8u202\12323\hotspot\src\share\vm\prims\jni.cpp, line 710]
Event: 3.682 Thread 0x0000000024eaa800 Exception <a 'sun/nio/fs/WindowsException'> (0x000000076cea7f98) thrown at [C:\re\workspace\8-2-build-windows-amd64-cygwin\jdk8u202\12323\hotspot\src\share\vm\prims\jni.cpp, line 710]
Event: 3.682 Thread 0x0000000024eaa800 Exception <a 'sun/nio/fs/WindowsException'> (0x000000076cea84c8) thrown at [C:\re\workspace\8-2-build-windows-amd64-cygwin\jdk8u202\12323\hotspot\src\share\vm\prims\jni.cpp, line 710]
Event: 3.682 Thread 0x0000000024eaa800 Exception <a 'sun/nio/fs/WindowsException'> (0x000000076cea8ed8) thrown at [C:\re\workspace\8-2-build-windows-amd64-cygwin\jdk8u202\12323\hotspot\src\share\vm\prims\jni.cpp, line 710]
Event: 3.683 Thread 0x0000000024eaa800 Exception <a 'sun/nio/fs/WindowsException'> (0x000000076cea9438) thrown at [C:\re\workspace\8-2-build-windows-amd64-cygwin\jdk8u202\12323\hotspot\src\share\vm\prims\jni.cpp, line 710]
Event: 3.683 Thread 0x0000000024eaa800 Exception <a 'sun/nio/fs/WindowsException'> (0x000000076cea9e68) thrown at [C:\re\workspace\8-2-build-windows-amd64-cygwin\jdk8u202\12323\hotspot\src\share\vm\prims\jni.cpp, line 710]
Event: 3.683 Thread 0x0000000024eaa800 Exception <a 'sun/nio/fs/WindowsException'> (0x000000076ceaa3f0) thrown at [C:\re\workspace\8-2-build-windows-amd64-cygwin\jdk8u202\12323\hotspot\src\share\vm\prims\jni.cpp, line 710]
Event: 3.683 Thread 0x0000000024eaa800 Exception <a 'sun/nio/fs/WindowsException'> (0x000000076ceaae08) thrown at [C:\re\workspace\8-2-build-windows-amd64-cygwin\jdk8u202\12323\hotspot\src\share\vm\prims\jni.cpp, line 710]
Event: 3.683 Thread 0x0000000024eaa800 Exception <a 'sun/nio/fs/WindowsException'> (0x000000076ceab388) thrown at [C:\re\workspace\8-2-build-windows-amd64-cygwin\jdk8u202\12323\hotspot\src\share\vm\prims\jni.cpp, line 710]

Events (10 events):
Event: 3.678 Thread 0x0000000024eab000 Thread added: 0x0000000024eab000
Event: 3.678 Thread 0x0000000024eaf000 Thread added: 0x0000000024eaf000
Event: 3.678 Thread 0x0000000024ea8000 Thread added: 0x0000000024ea8000
Event: 3.678 Thread 0x0000000024eb1000 Thread added: 0x0000000024eb1000
Event: 3.679 Thread 0x0000000024eaa800 Thread added: 0x0000000024eaa800
Event: 3.679 Thread 0x0000000024eb4000 Thread added: 0x0000000024eb4000
Event: 3.679 Thread 0x0000000024eb5800 Thread added: 0x0000000024eb5800
Event: 3.679 Thread 0x0000000024eb2000 Thread added: 0x0000000024eb2000
Event: 3.679 Thread 0x0000000024eb6800 Thread added: 0x0000000024eb6800
Event: 3.679 Thread 0x0000000024eaf800 Thread added: 0x0000000024eaf800


Dynamic libraries:
0x00007ff67f3d0000 - 0x00007ff67f407000 	D:\opt\Java\jdk1.8.0_202\bin\javaw.exe
0x00007ffd4a610000 - 0x00007ffd4a827000 	C:\WINDOWS\SYSTEM32\ntdll.dll
0x00007ffcfe830000 - 0x00007ffcfe84a000 	C:\Program Files\Avast Software\Avast\aswhook.dll
0x00007ffd484c0000 - 0x00007ffd48584000 	C:\WINDOWS\System32\KERNEL32.DLL
0x00007ffd478f0000 - 0x00007ffd47cc1000 	C:\WINDOWS\System32\KERNELBASE.dll
0x00007ffd489b0000 - 0x00007ffd48a61000 	C:\WINDOWS\System32\ADVAPI32.dll
0x00007ffd48400000 - 0x00007ffd484a7000 	C:\WINDOWS\System32\msvcrt.dll
0x00007ffd49e80000 - 0x00007ffd49f27000 	C:\WINDOWS\System32\sechost.dll
0x00007ffd48000000 - 0x00007ffd48028000 	C:\WINDOWS\System32\bcrypt.dll
0x00007ffd482e0000 - 0x00007ffd483f4000 	C:\WINDOWS\System32\RPCRT4.dll
0x00007ffd49cc0000 - 0x00007ffd49e71000 	C:\WINDOWS\System32\USER32.dll
0x00007ffd48030000 - 0x00007ffd48056000 	C:\WINDOWS\System32\win32u.dll
0x00007ffd48b70000 - 0x00007ffd48b99000 	C:\WINDOWS\System32\GDI32.dll
0x00007ffd477d0000 - 0x00007ffd478eb000 	C:\WINDOWS\System32\gdi32full.dll
0x00007ffd48060000 - 0x00007ffd480fa000 	C:\WINDOWS\System32\msvcp_win.dll
0x00007ffd481c0000 - 0x00007ffd482d1000 	C:\WINDOWS\System32\ucrtbase.dll
0x00007ffd2f810000 - 0x00007ffd2faa2000 	C:\WINDOWS\WinSxS\amd64_microsoft.windows.common-controls_6595b64144ccf1df_6.0.22621.4830_none_270fe7d773858e80\COMCTL32.dll
0x00007ffd4a2c0000 - 0x00007ffd4a2f1000 	C:\WINDOWS\System32\IMM32.DLL
0x0000000052ad0000 - 0x0000000052ba2000 	D:\opt\Java\jdk1.8.0_202\jre\bin\msvcr100.dll
0x0000000052220000 - 0x0000000052ac5000 	D:\opt\Java\jdk1.8.0_202\jre\bin\server\jvm.dll
0x00007ffd484b0000 - 0x00007ffd484b8000 	C:\WINDOWS\System32\PSAPI.DLL
0x00007ffd2c2d0000 - 0x00007ffd2c2d9000 	C:\WINDOWS\SYSTEM32\WSOCK32.dll
0x00007ffd42e60000 - 0x00007ffd42e6a000 	C:\WINDOWS\SYSTEM32\VERSION.dll
0x00007ffd3b710000 - 0x00007ffd3b744000 	C:\WINDOWS\SYSTEM32\WINMM.dll
0x00007ffd48a80000 - 0x00007ffd48af1000 	C:\WINDOWS\System32\WS2_32.dll
0x00007ffd40cd0000 - 0x00007ffd40cdf000 	D:\opt\Java\jdk1.8.0_202\jre\bin\verify.dll
0x00007ffd40c40000 - 0x00007ffd40c69000 	D:\opt\Java\jdk1.8.0_202\jre\bin\java.dll
0x00007ffd3e580000 - 0x00007ffd3e596000 	D:\opt\Java\jdk1.8.0_202\jre\bin\zip.dll
0x00007ffd48d00000 - 0x00007ffd49588000 	C:\WINDOWS\System32\SHELL32.dll
0x00007ffd47ec0000 - 0x00007ffd47fff000 	C:\WINDOWS\System32\wintypes.dll
0x00007ffd49f30000 - 0x00007ffd4a2c0000 	C:\WINDOWS\System32\combase.dll
0x00007ffd45660000 - 0x00007ffd45f6c000 	C:\WINDOWS\SYSTEM32\windows.storage.dll
0x00007ffd49bb0000 - 0x00007ffd49cba000 	C:\WINDOWS\System32\SHCORE.dll
0x00007ffd49620000 - 0x00007ffd4967e000 	C:\WINDOWS\System32\shlwapi.dll
0x00007ffd47680000 - 0x00007ffd476ab000 	C:\WINDOWS\SYSTEM32\profapi.dll
0x00007ffd40cc0000 - 0x00007ffd40ccd000 	D:\opt\Java\jdk1.8.0_202\jre\bin\management.dll
0x00007ffd2bd70000 - 0x00007ffd2bd8a000 	D:\opt\Java\jdk1.8.0_202\jre\bin\net.dll
0x00007ffd2dea0000 - 0x00007ffd2e095000 	C:\WINDOWS\SYSTEM32\urlmon.dll
0x00007ffd2dbe0000 - 0x00007ffd2de9f000 	C:\WINDOWS\SYSTEM32\iertutil.dll
0x00007ffd461c0000 - 0x00007ffd461cc000 	C:\WINDOWS\SYSTEM32\netutils.dll
0x00007ffd2dbb0000 - 0x00007ffd2dbd8000 	C:\WINDOWS\SYSTEM32\srvcli.dll
0x00007ffd46d00000 - 0x00007ffd46d6a000 	C:\WINDOWS\system32\mswsock.dll
0x00007ffd2bb90000 - 0x00007ffd2bba2000 	D:\opt\Java\jdk1.8.0_202\jre\bin\nio.dll
0x00007ffd16720000 - 0x00007ffd16737000 	C:\WINDOWS\system32\napinsp.dll
0x00007ffd16700000 - 0x00007ffd1671b000 	C:\WINDOWS\system32\pnrpnsp.dll
0x00007ffd46240000 - 0x00007ffd46342000 	C:\WINDOWS\SYSTEM32\DNSAPI.dll
0x00007ffd461d0000 - 0x00007ffd461fd000 	C:\WINDOWS\SYSTEM32\IPHLPAPI.DLL
0x00007ffd48c10000 - 0x00007ffd48c19000 	C:\WINDOWS\System32\NSI.dll
0x00007ffd166e0000 - 0x00007ffd166f1000 	C:\WINDOWS\System32\winrnr.dll
0x00007ffd409e0000 - 0x00007ffd409f5000 	C:\WINDOWS\system32\wshbth.dll
0x00007ffd16630000 - 0x00007ffd16657000 	C:\WINDOWS\system32\nlansp_c.dll
0x00007ffd42e90000 - 0x00007ffd42e9a000 	C:\Windows\System32\rasadhlp.dll
0x00007ffd40720000 - 0x00007ffd407a3000 	C:\WINDOWS\System32\fwpuclnt.dll
0x00007ffd46f60000 - 0x00007ffd46f7b000 	C:\WINDOWS\SYSTEM32\CRYPTSP.dll
0x00007ffd46740000 - 0x00007ffd46777000 	C:\WINDOWS\system32\rsaenh.dll
0x00007ffd46df0000 - 0x00007ffd46e18000 	C:\WINDOWS\SYSTEM32\USERENV.dll
0x00007ffd47750000 - 0x00007ffd477cb000 	C:\WINDOWS\System32\bcryptprimitives.dll
0x00007ffd46f50000 - 0x00007ffd46f5c000 	C:\WINDOWS\SYSTEM32\CRYPTBASE.dll
0x00007ffd42e20000 - 0x00007ffd42e39000 	C:\WINDOWS\SYSTEM32\dhcpcsvc6.DLL
0x00007ffd42d50000 - 0x00007ffd42d6f000 	C:\WINDOWS\SYSTEM32\dhcpcsvc.DLL
0x00007ffd2ba90000 - 0x00007ffd2bab4000 	D:\opt\Java\jdk1.8.0_202\jre\bin\sunec.dll
0x00007ffd40bd0000 - 0x00007ffd40bdb000 	D:\opt\Java\jdk1.8.0_202\jre\bin\sunmscapi.dll
0x00007ffd47d50000 - 0x00007ffd47eb6000 	C:\WINDOWS\System32\CRYPT32.dll

VM Arguments:
jvm_args: -Dcom.sun.management.jmxremote -Dcom.sun.management.jmxremote.port=55102 -Dcom.sun.management.jmxremote.authenticate=false -Dcom.sun.management.jmxremote.ssl=false -Djava.rmi.server.hostname=localhost -Dspring.jmx.enabled=true -Dmanagement.endpoints.jmx.exposure.include=* -Dspring.application.admin.enabled=true -Dspring.output.ansi.enabled=always -XX:TieredStopAtLevel=1 -Dspring.boot.project.name=Courses-ArticlesAPI -Dfile.encoding=UTF-8 -Dstdout.encoding=UTF-8 -Dstderr.encoding=UTF-8 
java_command: com.develop.app.ApiApplication
java_class_path (initial): D:\opt\projects\Courses-ArticlesAPI\bin\main;D:\opt\gradle-8.12.1\bin\caches\modules-2\files-2.1\io.jsonwebtoken\jjwt-jackson\0.11.5\3b83a06809e98a69402d7333dcf67df6f6ea4579\jjwt-jackson-0.11.5.jar;D:\opt\gradle-8.12.1\bin\caches\modules-2\files-2.1\org.springdoc\springdoc-openapi-data-rest\1.6.6\a4101810629080daedc115ca45aed8706dccd2b2\springdoc-openapi-data-rest-1.6.6.jar;D:\opt\gradle-8.12.1\bin\caches\modules-2\files-2.1\org.springframework.data\spring-data-rest-core\3.7.8\8f6c226533d49ec7133e837780d30b09f16c9ed\spring-data-rest-core-3.7.8.jar;D:\opt\gradle-8.12.1\bin\caches\modules-2\files-2.1\org.springframework.boot\spring-boot-starter-web\2.7.9\e745a069e2b7ca51e378fcbc397d14dd82178199\spring-boot-starter-web-2.7.9.jar;D:\opt\gradle-8.12.1\bin\caches\modules-2\files-2.1\org.springframework.boot\spring-boot-starter-json\2.7.9\671b3611eeb2fb315281ae17242ef082666e4262\spring-boot-starter-json-2.7.9.jar;D:\opt\gradle-8.12.1\bin\caches\modules-2\files-2.1\org.springdoc\springdoc-openapi-ui\1.6.6\47d5f8506af2457c1ecf66fc8fe58888ed8e1c66\springdoc-openapi-ui-1.6.6.jar;D:\opt\gradle-8.12.1\bin\caches\modules-2\files-2.1\org.springdoc\springdoc-openapi-webmvc-core\1.6.6\5dbdd074d5b62363aede4ed38bb449ecb15fa6ce\springdoc-openapi-webmvc-core-1.6.6.jar;D:\opt\gradle-8.12.1\bin\caches\modules-2\files-2.1\org.springdoc\springdoc-openapi-hateoas\1.6.6\a60fa16d88e40218e0081c9a1cea27fc9c5d2e75\springdoc-openapi-hateoas-1.6.6.jar;D:\opt\gradle-8.12.1\bin\caches\modules-2\files-2.1\org.springdoc\springdoc-openapi-common\1.6.6\64398153e60dbda6a7ef7fb12edcf24561662c90\springdoc-openapi-common-1.6.6.jar;D:\opt\gradle-8.12.1\bin\caches\modules-2\files-2.1\io.swagger.core.v3\swagger-core\2.1.12\be6a8bca5bbfe86dd162018a00d1e4f6721016b9\swagger-core-2.1.12.jar;D:\opt\gradle-8.12.1\bin\caches\modules-2\files-2.1\com.fasterxml.jackson.datatype\jackson-datatype-jsr310\2.13.5\8ba3b868e81d7fc6ead686bd2353859b111d9eaf\jackson-datatype-jsr310-2.13.5.jar;D:\opt\gr
Launcher Type: SUN_STANDARD

Environment Variables:
PATH=D:/opt/eclipse-jee-2024-12-R-win32-x86_64//plugins/org.eclipse.justj.openjdk.hotspot.jre.full.win32.x86_64_21.0.6.v20250130-0529/jre/bin/server;D:/opt/eclipse-jee-2024-12-R-win32-x86_64//plugins/org.eclipse.justj.openjdk.hotspot.jre.full.win32.x86_64_21.0.6.v20250130-0529/jre/bin;C:\Program Files (x86)\Common Files\Oracle\Java\java8path;C:\Program Files (x86)\Common Files\Oracle\Java\javapath;C:\Windows\system32;C:\Windows;C:\Windows\System32\Wbem;C:\Windows\System32\WindowsPowerShell\v1.0\;C:\Windows\System32\OpenSSH\;C:\WINDOWS\system32;C:\WINDOWS;C:\WINDOWS\System32\Wbem;C:\WINDOWS\System32\WindowsPowerShell\v1.0\;C:\WINDOWS\System32\OpenSSH\;C:\Program Files (x86)\Microsoft SQL Server\100\Tools\Binn\;C:\Program Files\Microsoft SQL Server\100\Tools\Binn\;C:\Program Files\Microsoft SQL Server\100\DTS\Binn\;C:\Program Files (x86)\NVIDIA Corporation\PhysX\Common;C:\Program Files\dotnet\;C:\Program Files\NVIDIA Corporation\NVIDIA app\NvDLISR;C:\Program Files\Docker\Docker\resources\bin;D:\Program Files\Git\cmd;D:\opt\gradle-8.12.1\bin;D:\opt\Java\jdk1.8.0_202\bin;C:\Users\cathy\AppData\Local\Microsoft\WindowsApps;;D:\opt\eclipse-jee-2024-12-R-win32-x86_64;
USERNAME=cathy
OS=Windows_NT
PROCESSOR_IDENTIFIER=Intel64 Family 6 Model 141 Stepping 1, GenuineIntel



---------------  S Y S T E M  ---------------

OS: Windows 10.0 , 64 bit Build 22621 (10.0.22621.4974)

CPU:total 12 (initial active 12) (6 cores per cpu, 2 threads per core) family 6 model 141 stepping 1, cmov, cx8, fxsr, mmx, sse, sse2, sse3, ssse3, sse4.1, sse4.2, popcnt, avx, avx2, aes, clmul, erms, 3dnowpref, lzcnt, ht, tsc, tscinvbit, bmi1, bmi2, adx

Memory: 4k page, physical 16471708k(3052024k free), swap 18568860k(4440k free)

vm_info: Java HotSpot(TM) 64-Bit Server VM (25.202-b08) for windows-amd64 JRE (1.8.0_202-b08), built on Dec 15 2018 19:54:30 by "java_re" with MS VC++ 10.0 (VS2010)

time: Tue Mar 11 21:57:16 2025
timezone: Hora estándar central (México)
elapsed time: 3 seconds (0d 0h 0m 3s)

